<?xml version="1.0" encoding="UTF-8"?>
<testsuite xmlns:xsi="http://www.w3.org/2001/XMLSchema-instance" xsi:noNamespaceSchemaLocation="https://maven.apache.org/surefire/maven-surefire-plugin/xsd/surefire-test-report-3.0.xsd" version="3.0" name="com.ultimaschool.java.clientes.ClienteBuilderTest" time="0.138" tests="27" errors="0" skipped="0" failures="0">
  <properties>
    <property name="java.specification.version" value="19"/>
    <property name="sun.cpu.isalist" value="amd64"/>
    <property name="sun.jnu.encoding" value="Cp1252"/>
    <property name="java.class.path" value="C:\Particular\Cursos\CRM\target\test-classes;C:\Particular\Cursos\CRM\target\classes;C:\Users\ednes\.m2\repository\junit\junit\4.13.2\junit-4.13.2.jar;C:\Users\ednes\.m2\repository\org\hamcrest\hamcrest-core\1.3\hamcrest-core-1.3.jar;C:\Users\ednes\.m2\repository\org\junit\jupiter\junit-jupiter-engine\5.9.1\junit-jupiter-engine-5.9.1.jar;C:\Users\ednes\.m2\repository\org\junit\platform\junit-platform-engine\1.9.1\junit-platform-engine-1.9.1.jar;C:\Users\ednes\.m2\repository\org\apiguardian\apiguardian-api\1.1.2\apiguardian-api-1.1.2.jar;C:\Users\ednes\.m2\repository\org\junit\platform\junit-platform-runner\1.9.2\junit-platform-runner-1.9.2.jar;C:\Users\ednes\.m2\repository\org\junit\platform\junit-platform-launcher\1.9.2\junit-platform-launcher-1.9.2.jar;C:\Users\ednes\.m2\repository\org\junit\platform\junit-platform-suite-api\1.9.2\junit-platform-suite-api-1.9.2.jar;C:\Users\ednes\.m2\repository\org\junit\platform\junit-platform-suite-commons\1.9.2\junit-platform-suite-commons-1.9.2.jar;C:\Users\ednes\.m2\repository\org\junit\jupiter\junit-jupiter-api\5.8.2\junit-jupiter-api-5.8.2.jar;C:\Users\ednes\.m2\repository\org\opentest4j\opentest4j\1.2.0\opentest4j-1.2.0.jar;C:\Users\ednes\.m2\repository\org\junit\platform\junit-platform-commons\1.8.2\junit-platform-commons-1.8.2.jar;"/>
    <property name="java.vm.vendor" value="Oracle Corporation"/>
    <property name="sun.arch.data.model" value="64"/>
    <property name="user.variant" value=""/>
    <property name="java.vendor.url" value="https://java.oracle.com/"/>
    <property name="user.timezone" value="America/Sao_Paulo"/>
    <property name="os.name" value="Windows 11"/>
    <property name="java.vm.specification.version" value="19"/>
    <property name="sun.java.launcher" value="SUN_STANDARD"/>
    <property name="user.country" value="BR"/>
    <property name="sun.boot.library.path" value="C:\Program Files\Java\jdk-19\bin"/>
    <property name="sun.java.command" value="C:\Users\ednes\AppData\Local\Temp\surefire1483951763185978082\surefirebooter-20230507082942384_3.jar C:\Users\ednes\AppData\Local\Temp\surefire1483951763185978082 2023-05-07T08-29-42_203-jvmRun1 surefire-20230507082942384_1tmp surefire_0-20230507082942384_2tmp"/>
    <property name="jdk.debug" value="release"/>
    <property name="surefire.test.class.path" value="C:\Particular\Cursos\CRM\target\test-classes;C:\Particular\Cursos\CRM\target\classes;C:\Users\ednes\.m2\repository\junit\junit\4.13.2\junit-4.13.2.jar;C:\Users\ednes\.m2\repository\org\hamcrest\hamcrest-core\1.3\hamcrest-core-1.3.jar;C:\Users\ednes\.m2\repository\org\junit\jupiter\junit-jupiter-engine\5.9.1\junit-jupiter-engine-5.9.1.jar;C:\Users\ednes\.m2\repository\org\junit\platform\junit-platform-engine\1.9.1\junit-platform-engine-1.9.1.jar;C:\Users\ednes\.m2\repository\org\apiguardian\apiguardian-api\1.1.2\apiguardian-api-1.1.2.jar;C:\Users\ednes\.m2\repository\org\junit\platform\junit-platform-runner\1.9.2\junit-platform-runner-1.9.2.jar;C:\Users\ednes\.m2\repository\org\junit\platform\junit-platform-launcher\1.9.2\junit-platform-launcher-1.9.2.jar;C:\Users\ednes\.m2\repository\org\junit\platform\junit-platform-suite-api\1.9.2\junit-platform-suite-api-1.9.2.jar;C:\Users\ednes\.m2\repository\org\junit\platform\junit-platform-suite-commons\1.9.2\junit-platform-suite-commons-1.9.2.jar;C:\Users\ednes\.m2\repository\org\junit\jupiter\junit-jupiter-api\5.8.2\junit-jupiter-api-5.8.2.jar;C:\Users\ednes\.m2\repository\org\opentest4j\opentest4j\1.2.0\opentest4j-1.2.0.jar;C:\Users\ednes\.m2\repository\org\junit\platform\junit-platform-commons\1.8.2\junit-platform-commons-1.8.2.jar;"/>
    <property name="sun.cpu.endian" value="little"/>
    <property name="user.home" value="C:\Users\ednes"/>
    <property name="user.language" value="pt"/>
    <property name="java.specification.vendor" value="Oracle Corporation"/>
    <property name="java.version.date" value="2023-01-17"/>
    <property name="java.home" value="C:\Program Files\Java\jdk-19"/>
    <property name="file.separator" value="\"/>
    <property name="basedir" value="C:\Particular\Cursos\CRM"/>
    <property name="java.vm.compressedOopsMode" value="32-bit"/>
    <property name="line.separator" value="&#10;"/>
    <property name="java.vm.specification.vendor" value="Oracle Corporation"/>
    <property name="java.specification.name" value="Java Platform API Specification"/>
    <property name="surefire.real.class.path" value="C:\Users\ednes\AppData\Local\Temp\surefire1483951763185978082\surefirebooter-20230507082942384_3.jar"/>
    <property name="user.script" value=""/>
    <property name="sun.management.compiler" value="HotSpot 64-Bit Tiered Compilers"/>
    <property name="java.runtime.version" value="19.0.2+7-44"/>
    <property name="user.name" value="ednes"/>
    <property name="stdout.encoding" value="Cp1252"/>
    <property name="path.separator" value=";"/>
    <property name="os.version" value="10.0"/>
    <property name="java.runtime.name" value="Java(TM) SE Runtime Environment"/>
    <property name="file.encoding" value="UTF-8"/>
    <property name="java.vm.name" value="Java HotSpot(TM) 64-Bit Server VM"/>
    <property name="localRepository" value="C:\Users\ednes\.m2\repository"/>
    <property name="java.vendor.url.bug" value="https://bugreport.java.com/bugreport/"/>
    <property name="java.io.tmpdir" value="C:\Users\ednes\AppData\Local\Temp\"/>
    <property name="java.version" value="19.0.2"/>
    <property name="user.dir" value="C:\Particular\Cursos\CRM"/>
    <property name="os.arch" value="amd64"/>
    <property name="java.vm.specification.name" value="Java Virtual Machine Specification"/>
    <property name="sun.os.patch.level" value=""/>
    <property name="native.encoding" value="Cp1252"/>
    <property name="java.library.path" value="C:\Program Files\Java\jdk-19\bin;C:\WINDOWS\Sun\Java\bin;C:\WINDOWS\system32;C:\WINDOWS;C:\Users\ednes\AppData\Local\Programs\Python\Python39\Scripts\;C:\Users\ednes\AppData\Local\Programs\Python\Python39\;C:\Program Files\Java\jdk-19\bin;C:\Program Files\Common Files\Oracle\Java\javapath;C:\Program Files (x86)\Common Files\Oracle\Java\javapath;C:\Oracle\product\18.0.0\dbhomeXE\bin;C:\Program Files (x86)\Embarcadero\Studio\17.0\bin;C:\Users\Public\Documents\Embarcadero\Studio\17.0\Bpl;C:\Program Files (x86)\Embarcadero\Studio\17.0\bin64;C:\Users\Public\Documents\Embarcadero\Studio\17.0\Bpl\Win64;C:\Windows\system32;C:\Windows;C:\Windows\System32\Wbem;C:\Windows\System32\WindowsPowerShell\v1.0\;C:\Windows\System32\OpenSSH\;C:\Program Files (x86)\NVIDIA Corporation\PhysX\Common;C:\Program Files\NVIDIA Corporation\NVIDIA NvDLISR;C:\ProgramData\chocolatey\bin;C:\WINDOWS\system32;C:\WINDOWS;C:\WINDOWS\System32\Wbem;C:\WINDOWS\System32\WindowsPowerShell\v1.0\;C:\WINDOWS\System32\OpenSSH\;C:\Program Files (x86)\dotnet\;C:\Program Files\nodejs\;C:\Program Files\Microsoft SQL Server\150\Tools\Binn\;C:\Program Files\Microsoft SQL Server\Client SDK\ODBC\170\Tools\Binn\;C:\Particular\Projetos\apache-maven-3.9.1\bin;C:\Program Files\Git\cmd;C:\Program Files\TortoiseGit\bin;C:\Users\ednes\AppData\Local\Programs\Python\Python311\Scripts\;C:\Users\ednes\AppData\Local\Programs\Python\Python311\;C:\Users\ednes\anaconda3;C:\Users\ednes\anaconda3\Library\mingw-w64\bin;C:\Users\ednes\anaconda3\Library\usr\bin;C:\Users\ednes\anaconda3\Library\bin;C:\Users\ednes\anaconda3\Scripts;C:\Users\ednes\AppData\Local\Microsoft\WindowsApps;C:\Users\ednes\AppData\Local\Programs\Microsoft VS Code\bin;C:\Program Files\JetBrains\IntelliJ IDEA Community Edition 2021.2.2\bin;;C:\Program Files\heroku\bin;C:\Users\ednes\AppData\Roaming\npm;."/>
    <property name="java.vm.info" value="mixed mode, sharing"/>
    <property name="stderr.encoding" value="Cp1252"/>
    <property name="java.vendor" value="Oracle Corporation"/>
    <property name="java.vm.version" value="19.0.2+7-44"/>
    <property name="sun.io.unicode.encoding" value="UnicodeLittle"/>
    <property name="java.class.version" value="63.0"/>
  </properties>
  <testcase name="testGetNomeCompleto" classname="com.ultimaschool.java.clientes.ClienteBuilderTest" time="0.012"/>
  <testcase name="testGetEmail" classname="com.ultimaschool.java.clientes.ClienteBuilderTest" time="0"/>
  <testcase name="testSetEndereco" classname="com.ultimaschool.java.clientes.ClienteBuilderTest" time="0.001"/>
  <testcase name="testGetEndereco" classname="com.ultimaschool.java.clientes.ClienteBuilderTest" time="0.001"/>
  <testcase name="testToString" classname="com.ultimaschool.java.clientes.ClienteBuilderTest" time="0"/>
  <testcase name="testGetPrimeiroNome" classname="com.ultimaschool.java.clientes.ClienteBuilderTest" time="0"/>
  <testcase name="testSetNomeCompleto" classname="com.ultimaschool.java.clientes.ClienteBuilderTest" time="0.001"/>
  <testcase name="testGetNomesDoMeio" classname="com.ultimaschool.java.clientes.ClienteBuilderTest" time="0"/>
  <testcase name="testGetSobrenome" classname="com.ultimaschool.java.clientes.ClienteBuilderTest" time="0.001"/>
  <testcase name="testSetTelefone" classname="com.ultimaschool.java.clientes.ClienteBuilderTest" time="0.006"/>
  <testcase name="testSetPrimeiroNome" classname="com.ultimaschool.java.clientes.ClienteBuilderTest" time="0.001"/>
  <testcase name="testGetTelefone" classname="com.ultimaschool.java.clientes.ClienteBuilderTest" time="0.001"/>
  <testcase name="testSetDataDeNascimento" classname="com.ultimaschool.java.clientes.ClienteBuilderTest" time="0.001"/>
  <testcase name="testToStringIdentificacao" classname="com.ultimaschool.java.clientes.ClienteBuilderTest" time="0.001"/>
  <testcase name="testToStringComContato" classname="com.ultimaschool.java.clientes.ClienteBuilderTest" time="0.001"/>
  <testcase name="testGetIdadeAtual" classname="com.ultimaschool.java.clientes.ClienteBuilderTest" time="0.001"/>
  <testcase name="testSetGenero" classname="com.ultimaschool.java.clientes.ClienteBuilderTest" time="0"/>
  <testcase name="testGetGenero" classname="com.ultimaschool.java.clientes.ClienteBuilderTest" time="0.001"/>
  <testcase name="testSetTelefoneFailure" classname="com.ultimaschool.java.clientes.ClienteBuilderTest" time="0.007"/>
  <testcase name="testSetSobrenome" classname="com.ultimaschool.java.clientes.ClienteBuilderTest" time="0.001"/>
  <testcase name="testSetEmailFailure" classname="com.ultimaschool.java.clientes.ClienteBuilderTest" time="0.007"/>
  <testcase name="testGetCpf" classname="com.ultimaschool.java.clientes.ClienteBuilderTest" time="0.001"/>
  <testcase name="testSetIdadeAtual" classname="com.ultimaschool.java.clientes.ClienteBuilderTest" time="0.001"/>
  <testcase name="testGetDataDeNascimento" classname="com.ultimaschool.java.clientes.ClienteBuilderTest" time="0.002"/>
  <testcase name="testSetCpf" classname="com.ultimaschool.java.clientes.ClienteBuilderTest" time="0"/>
  <testcase name="testSetNomesDoMeio" classname="com.ultimaschool.java.clientes.ClienteBuilderTest" time="0"/>
  <testcase name="testSetEmail" classname="com.ultimaschool.java.clientes.ClienteBuilderTest" time="0.002"/>
</testsuite>