<?xml version="1.0" encoding="UTF-8" ?>
<testsuite tests="28" failures="0" name="com.ultimaschool.java.clientes.ClienteBuilderTest" time="0.07" errors="0" skipped="0">
  <properties>
    <property name="idea.version" value="2023.1.2"/>
    <property name="java.runtime.name" value="Java(TM) SE Runtime Environment"/>
    <property name="sun.boot.library.path" value="C:\Program Files\Java\jdk1.8.0_60\jre\bin"/>
    <property name="java.vm.version" value="25.60-b23"/>
    <property name="java.vm.vendor" value="Oracle Corporation"/>
    <property name="maven.multiModuleProjectDirectory" value="C:\Projetos\CRM"/>
    <property name="java.vendor.url" value="http://java.oracle.com/"/>
    <property name="path.separator" value=";"/>
    <property name="guice.disable.misplaced.annotation.check" value="true"/>
    <property name="java.vm.name" value="Java HotSpot(TM) 64-Bit Server VM"/>
    <property name="file.encoding.pkg" value="sun.io"/>
    <property name="user.script" value=""/>
    <property name="user.country" value="BR"/>
    <property name="sun.java.launcher" value="SUN_STANDARD"/>
    <property name="sun.os.patch.level" value=""/>
    <property name="java.vm.specification.name" value="Java Virtual Machine Specification"/>
    <property name="user.dir" value="C:\Projetos\CRM"/>
    <property name="java.runtime.version" value="1.8.0_60-b27"/>
    <property name="java.awt.graphicsenv" value="sun.awt.Win32GraphicsEnvironment"/>
    <property name="java.endorsed.dirs" value="C:\Program Files\Java\jdk1.8.0_60\jre\lib\endorsed"/>
    <property name="os.arch" value="amd64"/>
    <property name="java.io.tmpdir" value="C:\Users\ednes\AppData\Local\Temp\"/>
    <property name="line.separator" value="
"/>
    <property name="java.vm.specification.vendor" value="Oracle Corporation"/>
    <property name="user.variant" value=""/>
    <property name="os.name" value="Windows 10"/>
    <property name="maven.ext.class.path" value="C:\Program Files\JetBrains\IntelliJ IDEA Community Edition 2023.1.2\plugins\maven\lib\maven-event-listener.jar"/>
    <property name="classworlds.conf" value="C:\Program Files\JetBrains\IntelliJ IDEA Community Edition 2023.1.2\plugins\maven\lib\maven3\bin\m2.conf"/>
    <property name="sun.jnu.encoding" value="Cp1252"/>
    <property name="java.library.path" value="C:\Program Files\Java\jdk1.8.0_60\bin;C:\WINDOWS\Sun\Java\bin;C:\WINDOWS\system32;C:\WINDOWS;C:\Program Files (x86)\Common Files\Oracle\Java\javapath;C:\Program Files (x86)\Embarcadero\Studio\18.0\bin;C:\Users\Public\Documents\Embarcadero\Studio\18.0\Bpl;C:\Program Files (x86)\Embarcadero\Studio\18.0\bin64;C:\Users\Public\Documents\Embarcadero\Studio\18.0\Bpl\Win64;C:\Windows\system32;C:\Windows;C:\Windows\System32\Wbem;C:\Windows\System32\WindowsPowerShell\v1.0\;C:\Windows\System32\OpenSSH\;C:\Program Files (x86)\NVIDIA Corporation\PhysX\Common;C:\Program Files\NVIDIA Corporation\NVIDIA NvDLISR;C:\WINDOWS\system32;C:\WINDOWS;C:\WINDOWS\System32\Wbem;C:\WINDOWS\System32\WindowsPowerShell\v1.0\;C:\WINDOWS\System32\OpenSSH\;C:\Program Files\Git\cmd;C:\Program Files\TortoiseGit\bin;C:\Users\ednes\AppData\Local\Programs\Python\Python311\Scripts\;C:\Users\ednes\AppData\Local\Programs\Python\Python311\;C:\Users\ednes\AppData\Local\Microsoft\WindowsApps;;C:\Users\ednes\AppData\Local\Programs\Microsoft VS Code\bin;."/>
    <property name="jansi.passthrough" value="true"/>
    <property name="maven.conf" value="C:\Program Files\JetBrains\IntelliJ IDEA Community Edition 2023.1.2\plugins\maven\lib\maven3/conf"/>
    <property name="java.specification.name" value="Java Platform API Specification"/>
    <property name="java.class.version" value="52.0"/>
    <property name="sun.management.compiler" value="HotSpot 64-Bit Tiered Compilers"/>
    <property name="os.version" value="10.0"/>
    <property name="user.home" value="C:\Users\ednes"/>
    <property name="user.timezone" value="America/Sao_Paulo"/>
    <property name="java.awt.printerjob" value="sun.awt.windows.WPrinterJob"/>
    <property name="java.specification.version" value="1.8"/>
    <property name="file.encoding" value="UTF-8"/>
    <property name="user.name" value="ednes"/>
    <property name="java.class.path" value="C:\Program Files\JetBrains\IntelliJ IDEA Community Edition 2023.1.2\plugins\maven\lib\maven3\boot\plexus-classworlds-2.6.0.jar;C:\Program Files\JetBrains\IntelliJ IDEA Community Edition 2023.1.2\plugins\maven\lib\maven3\boot\plexus-classworlds.license;C:\Program Files\JetBrains\IntelliJ IDEA Community Edition 2023.1.2\lib\idea_rt.jar"/>
    <property name="java.vm.specification.version" value="1.8"/>
    <property name="sun.arch.data.model" value="64"/>
    <property name="java.home" value="C:\Program Files\Java\jdk1.8.0_60\jre"/>
    <property name="sun.java.command" value="org.codehaus.classworlds.Launcher -Didea.version=2023.1.2 install"/>
    <property name="java.specification.vendor" value="Oracle Corporation"/>
    <property name="user.language" value="pt"/>
    <property name="awt.toolkit" value="sun.awt.windows.WToolkit"/>
    <property name="java.vm.info" value="mixed mode"/>
    <property name="java.version" value="1.8.0_60"/>
    <property name="java.ext.dirs" value="C:\Program Files\Java\jdk1.8.0_60\jre\lib\ext;C:\WINDOWS\Sun\Java\lib\ext"/>
    <property name="sun.boot.class.path" value="C:\Program Files\Java\jdk1.8.0_60\jre\lib\resources.jar;C:\Program Files\Java\jdk1.8.0_60\jre\lib\rt.jar;C:\Program Files\Java\jdk1.8.0_60\jre\lib\sunrsasign.jar;C:\Program Files\Java\jdk1.8.0_60\jre\lib\jsse.jar;C:\Program Files\Java\jdk1.8.0_60\jre\lib\jce.jar;C:\Program Files\Java\jdk1.8.0_60\jre\lib\charsets.jar;C:\Program Files\Java\jdk1.8.0_60\jre\lib\jfr.jar;C:\Program Files\Java\jdk1.8.0_60\jre\classes"/>
    <property name="java.vendor" value="Oracle Corporation"/>
    <property name="maven.home" value="C:\Program Files\JetBrains\IntelliJ IDEA Community Edition 2023.1.2\plugins\maven\lib\maven3"/>
    <property name="file.separator" value="\"/>
    <property name="java.vendor.url.bug" value="http://bugreport.sun.com/bugreport/"/>
    <property name="sun.cpu.endian" value="little"/>
    <property name="sun.io.unicode.encoding" value="UnicodeLittle"/>
    <property name="sun.desktop" value="windows"/>
    <property name="sun.cpu.isalist" value="amd64"/>
  </properties>
  <testcase classname="com.ultimaschool.java.clientes.ClienteBuilderTest" name="testGetNomeCompleto" time="0.018"/>
  <testcase classname="com.ultimaschool.java.clientes.ClienteBuilderTest" name="testGetEmail" time="0"/>
  <testcase classname="com.ultimaschool.java.clientes.ClienteBuilderTest" name="testSetEndereco" time="0.001"/>
  <testcase classname="com.ultimaschool.java.clientes.ClienteBuilderTest" name="testGetEndereco" time="0.001"/>
  <testcase classname="com.ultimaschool.java.clientes.ClienteBuilderTest" name="testToString" time="0"/>
  <testcase classname="com.ultimaschool.java.clientes.ClienteBuilderTest" name="testGetPrimeiroNome" time="0.001"/>
  <testcase classname="com.ultimaschool.java.clientes.ClienteBuilderTest" name="testSetNomeCompleto" time="0"/>
  <testcase classname="com.ultimaschool.java.clientes.ClienteBuilderTest" name="testGetNomesDoMeio" time="0.001"/>
  <testcase classname="com.ultimaschool.java.clientes.ClienteBuilderTest" name="testGetSobrenome" time="0"/>
  <testcase classname="com.ultimaschool.java.clientes.ClienteBuilderTest" name="testSetTelefone" time="0.035"/>
  <testcase classname="com.ultimaschool.java.clientes.ClienteBuilderTest" name="testSetPrimeiroNome" time="0"/>
  <testcase classname="com.ultimaschool.java.clientes.ClienteBuilderTest" name="testGetTelefone" time="0.001"/>
  <testcase classname="com.ultimaschool.java.clientes.ClienteBuilderTest" name="testSetDataDeNascimento" time="0"/>
  <testcase classname="com.ultimaschool.java.clientes.ClienteBuilderTest" name="testSetDataNascimentoFailure" time="0.002"/>
  <testcase classname="com.ultimaschool.java.clientes.ClienteBuilderTest" name="testToStringIdentificacao" time="0"/>
  <testcase classname="com.ultimaschool.java.clientes.ClienteBuilderTest" name="testToStringComContato" time="0.001"/>
  <testcase classname="com.ultimaschool.java.clientes.ClienteBuilderTest" name="testGetIdadeAtual" time="0"/>
  <testcase classname="com.ultimaschool.java.clientes.ClienteBuilderTest" name="testSetGenero" time="0"/>
  <testcase classname="com.ultimaschool.java.clientes.ClienteBuilderTest" name="testGetGenero" time="0"/>
  <testcase classname="com.ultimaschool.java.clientes.ClienteBuilderTest" name="testSetTelefoneFailure" time="0.003"/>
  <testcase classname="com.ultimaschool.java.clientes.ClienteBuilderTest" name="testSetSobrenome" time="0"/>
  <testcase classname="com.ultimaschool.java.clientes.ClienteBuilderTest" name="testSetEmailFailure" time="0.004"/>
  <testcase classname="com.ultimaschool.java.clientes.ClienteBuilderTest" name="testGetCpf" time="0"/>
  <testcase classname="com.ultimaschool.java.clientes.ClienteBuilderTest" name="testSetIdadeAtual" time="0.001"/>
  <testcase classname="com.ultimaschool.java.clientes.ClienteBuilderTest" name="testGetDataDeNascimento" time="0"/>
  <testcase classname="com.ultimaschool.java.clientes.ClienteBuilderTest" name="testSetCpf" time="0"/>
  <testcase classname="com.ultimaschool.java.clientes.ClienteBuilderTest" name="testSetNomesDoMeio" time="0.001"/>
  <testcase classname="com.ultimaschool.java.clientes.ClienteBuilderTest" name="testSetEmail" time="0"/>
</testsuite>